[
    [
        {
            "Plan": {
                "Node Type": "Aggregate",
                "Strategy": "Sorted",
                "Partial Mode": "Finalize",
                "Parallel Aware": false,
                "Async Capable": false,
                "Startup Cost": 219421.82,
                "Total Cost": 219423.77,
                "Plan Rows": 6,
                "Plan Width": 236,
                "Actual Startup Time": 2806.278,
                "Actual Total Time": 2813.06,
                "Actual Rows": 4,
                "Actual Loops": 1,
                "Output": [
                    "l_returnflag",
                    "l_linestatus",
                    "sum(l_quantity)",
                    "sum(l_extendedprice)",
                    "sum((l_extendedprice * ('1'::numeric - l_discount)))",
                    "sum(((l_extendedprice * ('1'::numeric - l_discount)) * ('1'::numeric + l_tax)))",
                    "avg(l_quantity)",
                    "avg(l_extendedprice)",
                    "avg(l_discount)",
                    "count(*)"
                ],
                "Group Key": [
                    "lineitem.l_returnflag",
                    "lineitem.l_linestatus"
                ],
                "Shared Hit Blocks": 9200,
                "Shared Read Blocks": 103414,
                "Shared Dirtied Blocks": 0,
                "Shared Written Blocks": 0,
                "Local Hit Blocks": 0,
                "Local Read Blocks": 0,
                "Local Dirtied Blocks": 0,
                "Local Written Blocks": 0,
                "Temp Read Blocks": 0,
                "Temp Written Blocks": 0,
                "Plans": [
                    {
                        "Node Type": "Gather Merge",
                        "Parent Relationship": "Outer",
                        "Parallel Aware": false,
                        "Async Capable": false,
                        "Startup Cost": 219421.82,
                        "Total Cost": 219423.22,
                        "Plan Rows": 12,
                        "Plan Width": 236,
                        "Actual Startup Time": 2806.213,
                        "Actual Total Time": 2812.965,
                        "Actual Rows": 12,
                        "Actual Loops": 1,
                        "Output": [
                            "l_returnflag",
                            "l_linestatus",
                            "(PARTIAL sum(l_quantity))",
                            "(PARTIAL sum(l_extendedprice))",
                            "(PARTIAL sum((l_extendedprice * ('1'::numeric - l_discount))))",
                            "(PARTIAL sum(((l_extendedprice * ('1'::numeric - l_discount)) * ('1'::numeric + l_tax))))",
                            "(PARTIAL avg(l_quantity))",
                            "(PARTIAL avg(l_extendedprice))",
                            "(PARTIAL avg(l_discount))",
                            "(PARTIAL count(*))"
                        ],
                        "Workers Planned": 2,
                        "Workers Launched": 2,
                        "Shared Hit Blocks": 9200,
                        "Shared Read Blocks": 103414,
                        "Shared Dirtied Blocks": 0,
                        "Shared Written Blocks": 0,
                        "Local Hit Blocks": 0,
                        "Local Read Blocks": 0,
                        "Local Dirtied Blocks": 0,
                        "Local Written Blocks": 0,
                        "Temp Read Blocks": 0,
                        "Temp Written Blocks": 0,
                        "Plans": [
                            {
                                "Node Type": "Sort",
                                "Parent Relationship": "Outer",
                                "Parallel Aware": false,
                                "Async Capable": false,
                                "Startup Cost": 218421.79,
                                "Total Cost": 218421.81,
                                "Plan Rows": 6,
                                "Plan Width": 236,
                                "Actual Startup Time": 2778.74,
                                "Actual Total Time": 2778.742,
                                "Actual Rows": 4,
                                "Actual Loops": 3,
                                "Output": [
                                    "l_returnflag",
                                    "l_linestatus",
                                    "(PARTIAL sum(l_quantity))",
                                    "(PARTIAL sum(l_extendedprice))",
                                    "(PARTIAL sum((l_extendedprice * ('1'::numeric - l_discount))))",
                                    "(PARTIAL sum(((l_extendedprice * ('1'::numeric - l_discount)) * ('1'::numeric + l_tax))))",
                                    "(PARTIAL avg(l_quantity))",
                                    "(PARTIAL avg(l_extendedprice))",
                                    "(PARTIAL avg(l_discount))",
                                    "(PARTIAL count(*))"
                                ],
                                "Sort Key": [
                                    "lineitem.l_returnflag",
                                    "lineitem.l_linestatus"
                                ],
                                "Sort Method": "quicksort",
                                "Sort Space Used": 27,
                                "Sort Space Type": "Memory",
                                "Shared Hit Blocks": 9200,
                                "Shared Read Blocks": 103414,
                                "Shared Dirtied Blocks": 0,
                                "Shared Written Blocks": 0,
                                "Local Hit Blocks": 0,
                                "Local Read Blocks": 0,
                                "Local Dirtied Blocks": 0,
                                "Local Written Blocks": 0,
                                "Temp Read Blocks": 0,
                                "Temp Written Blocks": 0,
                                "Workers": [
                                    {
                                        "Worker Number": 0,
                                        "Actual Startup Time": 2765.813,
                                        "Actual Total Time": 2765.814,
                                        "Actual Rows": 4,
                                        "Actual Loops": 1,
                                        "Sort Method": "quicksort",
                                        "Sort Space Used": 27,
                                        "Sort Space Type": "Memory",
                                        "JIT": {
                                            "Functions": 9,
                                            "Options": {
                                                "Inlining": false,
                                                "Optimization": false,
                                                "Expressions": true,
                                                "Deforming": true
                                            },
                                            "Timing": {
                                                "Generation": 1.733,
                                                "Inlining": 0.0,
                                                "Optimization": 0.605,
                                                "Emission": 23.682,
                                                "Total": 26.02
                                            }
                                        },
                                        "Shared Hit Blocks": 3054,
                                        "Shared Read Blocks": 34233,
                                        "Shared Dirtied Blocks": 0,
                                        "Shared Written Blocks": 0,
                                        "Local Hit Blocks": 0,
                                        "Local Read Blocks": 0,
                                        "Local Dirtied Blocks": 0,
                                        "Local Written Blocks": 0,
                                        "Temp Read Blocks": 0,
                                        "Temp Written Blocks": 0
                                    },
                                    {
                                        "Worker Number": 1,
                                        "Actual Startup Time": 2765.684,
                                        "Actual Total Time": 2765.685,
                                        "Actual Rows": 4,
                                        "Actual Loops": 1,
                                        "Sort Method": "quicksort",
                                        "Sort Space Used": 27,
                                        "Sort Space Type": "Memory",
                                        "JIT": {
                                            "Functions": 9,
                                            "Options": {
                                                "Inlining": false,
                                                "Optimization": false,
                                                "Expressions": true,
                                                "Deforming": true
                                            },
                                            "Timing": {
                                                "Generation": 1.475,
                                                "Inlining": 0.0,
                                                "Optimization": 0.51,
                                                "Emission": 21.334,
                                                "Total": 23.318
                                            }
                                        },
                                        "Shared Hit Blocks": 3066,
                                        "Shared Read Blocks": 34298,
                                        "Shared Dirtied Blocks": 0,
                                        "Shared Written Blocks": 0,
                                        "Local Hit Blocks": 0,
                                        "Local Read Blocks": 0,
                                        "Local Dirtied Blocks": 0,
                                        "Local Written Blocks": 0,
                                        "Temp Read Blocks": 0,
                                        "Temp Written Blocks": 0
                                    }
                                ],
                                "Plans": [
                                    {
                                        "Node Type": "Aggregate",
                                        "Strategy": "Hashed",
                                        "Partial Mode": "Partial",
                                        "Parent Relationship": "Outer",
                                        "Parallel Aware": false,
                                        "Async Capable": false,
                                        "Startup Cost": 218421.58,
                                        "Total Cost": 218421.72,
                                        "Plan Rows": 6,
                                        "Plan Width": 236,
                                        "Actual Startup Time": 2778.612,
                                        "Actual Total Time": 2778.618,
                                        "Actual Rows": 4,
                                        "Actual Loops": 3,
                                        "Output": [
                                            "l_returnflag",
                                            "l_linestatus",
                                            "PARTIAL sum(l_quantity)",
                                            "PARTIAL sum(l_extendedprice)",
                                            "PARTIAL sum((l_extendedprice * ('1'::numeric - l_discount)))",
                                            "PARTIAL sum(((l_extendedprice * ('1'::numeric - l_discount)) * ('1'::numeric + l_tax)))",
                                            "PARTIAL avg(l_quantity)",
                                            "PARTIAL avg(l_extendedprice)",
                                            "PARTIAL avg(l_discount)",
                                            "PARTIAL count(*)"
                                        ],
                                        "Group Key": [
                                            "lineitem.l_returnflag",
                                            "lineitem.l_linestatus"
                                        ],
                                        "Planned Partitions": 0,
                                        "HashAgg Batches": 1,
                                        "Peak Memory Usage": 24,
                                        "Disk Usage": 0,
                                        "Shared Hit Blocks": 9186,
                                        "Shared Read Blocks": 103414,
                                        "Shared Dirtied Blocks": 0,
                                        "Shared Written Blocks": 0,
                                        "Local Hit Blocks": 0,
                                        "Local Read Blocks": 0,
                                        "Local Dirtied Blocks": 0,
                                        "Local Written Blocks": 0,
                                        "Temp Read Blocks": 0,
                                        "Temp Written Blocks": 0,
                                        "Workers": [
                                            {
                                                "Worker Number": 0,
                                                "Actual Startup Time": 2765.743,
                                                "Actual Total Time": 2765.75,
                                                "Actual Rows": 4,
                                                "Actual Loops": 1,
                                                "HashAgg Batches": 1,
                                                "Peak Memory Usage": 24,
                                                "Disk Usage": 0,
                                                "Shared Hit Blocks": 3047,
                                                "Shared Read Blocks": 34233,
                                                "Shared Dirtied Blocks": 0,
                                                "Shared Written Blocks": 0,
                                                "Local Hit Blocks": 0,
                                                "Local Read Blocks": 0,
                                                "Local Dirtied Blocks": 0,
                                                "Local Written Blocks": 0,
                                                "Temp Read Blocks": 0,
                                                "Temp Written Blocks": 0
                                            },
                                            {
                                                "Worker Number": 1,
                                                "Actual Startup Time": 2765.62,
                                                "Actual Total Time": 2765.626,
                                                "Actual Rows": 4,
                                                "Actual Loops": 1,
                                                "HashAgg Batches": 1,
                                                "Peak Memory Usage": 24,
                                                "Disk Usage": 0,
                                                "Shared Hit Blocks": 3059,
                                                "Shared Read Blocks": 34298,
                                                "Shared Dirtied Blocks": 0,
                                                "Shared Written Blocks": 0,
                                                "Local Hit Blocks": 0,
                                                "Local Read Blocks": 0,
                                                "Local Dirtied Blocks": 0,
                                                "Local Written Blocks": 0,
                                                "Temp Read Blocks": 0,
                                                "Temp Written Blocks": 0
                                            }
                                        ],
                                        "Plans": [
                                            {
                                                "Node Type": "Seq Scan",
                                                "Parent Relationship": "Outer",
                                                "Parallel Aware": true,
                                                "Async Capable": false,
                                                "Relation Name": "lineitem",
                                                "Schema": "tpch1g",
                                                "Alias": "lineitem",
                                                "Startup Cost": 0.0,
                                                "Total Cost": 143852.05,
                                                "Plan Rows": 2130558,
                                                "Plan Width": 25,
                                                "Actual Startup Time": 22.226,
                                                "Actual Total Time": 801.435,
                                                "Actual Rows": 1706870,
                                                "Actual Loops": 3,
                                                "Output": [
                                                    "l_orderkey",
                                                    "l_partkey",
                                                    "l_suppkey",
                                                    "l_linenumber",
                                                    "l_quantity",
                                                    "l_extendedprice",
                                                    "l_discount",
                                                    "l_tax",
                                                    "l_returnflag",
                                                    "l_linestatus",
                                                    "l_shipdate",
                                                    "l_commitdate",
                                                    "l_receiptdate",
                                                    "l_shipinstruct",
                                                    "l_shipmode",
                                                    "l_comment"
                                                ],
                                                "Filter": "(lineitem.l_shipdate <= '1997-10-14'::date)",
                                                "Rows Removed by Filter": 293535,
                                                "Shared Hit Blocks": 9186,
                                                "Shared Read Blocks": 103414,
                                                "Shared Dirtied Blocks": 0,
                                                "Shared Written Blocks": 0,
                                                "Local Hit Blocks": 0,
                                                "Local Read Blocks": 0,
                                                "Local Dirtied Blocks": 0,
                                                "Local Written Blocks": 0,
                                                "Temp Read Blocks": 0,
                                                "Temp Written Blocks": 0,
                                                "Workers": [
                                                    {
                                                        "Worker Number": 0,
                                                        "Actual Startup Time": 24.335,
                                                        "Actual Total Time": 795.133,
                                                        "Actual Rows": 1695345,
                                                        "Actual Loops": 1,
                                                        "Shared Hit Blocks": 3047,
                                                        "Shared Read Blocks": 34233,
                                                        "Shared Dirtied Blocks": 0,
                                                        "Shared Written Blocks": 0,
                                                        "Local Hit Blocks": 0,
                                                        "Local Read Blocks": 0,
                                                        "Local Dirtied Blocks": 0,
                                                        "Local Written Blocks": 0,
                                                        "Temp Read Blocks": 0,
                                                        "Temp Written Blocks": 0
                                                    },
                                                    {
                                                        "Worker Number": 1,
                                                        "Actual Startup Time": 21.886,
                                                        "Actual Total Time": 798.04,
                                                        "Actual Rows": 1699756,
                                                        "Actual Loops": 1,
                                                        "Shared Hit Blocks": 3059,
                                                        "Shared Read Blocks": 34298,
                                                        "Shared Dirtied Blocks": 0,
                                                        "Shared Written Blocks": 0,
                                                        "Local Hit Blocks": 0,
                                                        "Local Read Blocks": 0,
                                                        "Local Dirtied Blocks": 0,
                                                        "Local Written Blocks": 0,
                                                        "Temp Read Blocks": 0,
                                                        "Temp Written Blocks": 0
                                                    }
                                                ]
                                            }
                                        ]
                                    }
                                ]
                            }
                        ]
                    }
                ]
            },
            "Planning": {
                "Shared Hit Blocks": 155,
                "Shared Read Blocks": 5,
                "Shared Dirtied Blocks": 0,
                "Shared Written Blocks": 0,
                "Local Hit Blocks": 0,
                "Local Read Blocks": 0,
                "Local Dirtied Blocks": 0,
                "Local Written Blocks": 0,
                "Temp Read Blocks": 0,
                "Temp Written Blocks": 0
            },
            "Planning Time": 4.111,
            "Triggers": [],
            "JIT": {
                "Functions": 30,
                "Options": {
                    "Inlining": false,
                    "Optimization": false,
                    "Expressions": true,
                    "Deforming": true
                },
                "Timing": {
                    "Generation": 5.08,
                    "Inlining": 0.0,
                    "Optimization": 2.452,
                    "Emission": 63.936,
                    "Total": 71.468
                }
            },
            "Execution Time": 2885.734
        }
    ]
]